<?xml version="1.0" encoding="UTF-8"?>
<!-- Generated by org.testng.reporters.JUnitXMLReporter -->
<testsuite ignored="0" hostname="DESKTOP-H4KFMF6" failures="0" tests="4" name="Default test" time="13.919" errors="0" timestamp="2023-02-08T06:35:57 IST">
  <testcase classname="test.LoginTest" name="verifyBuildTitleName" time="0.019"/>
  <testcase classname="test.LoginTest" name="verifyTitleofLoginPage" time="0.449"/>
  <testcase classname="test.LoginTest" name="verifyCurrentUrlofPage" time="0.014"/>
  <testcase classname="test.LoginTest" name="verifyLoginwithCorrectCredientials" time="2.406"/>
</testsuite> <!-- Default test -->
