<?xml version="1.0" encoding="UTF-8"?>
<!-- Generated by org.testng.reporters.JUnitXMLReporter -->
<testsuite ignored="0" hostname="DESKTOP-H4KFMF6" failures="0" tests="4" name="Default test" time="20.668" errors="0" timestamp="2023-02-09T11:52:57 IST">
  <testcase classname="test.LoginTest" name="verifyBuildTitleName" time="0.024"/>
  <testcase classname="test.LoginTest" name="verifyTitleofLoginPage" time="0.704"/>
  <testcase classname="test.LoginTest" name="verifyCurrentUrlofPage" time="0.018"/>
  <testcase classname="test.LoginTest" name="verifyLoginwithCorrectCredientials" time="3.25"/>
</testsuite> <!-- Default test -->
