<?xml version="1.0" encoding="UTF-8"?>
<testng-results ignored="0" total="4" passed="4" failed="0" skipped="0">
  <reporter-output>
  </reporter-output>
  <suite started-at="2023-02-09T11:52:36 IST" name="Default suite" finished-at="2023-02-09T11:52:57 IST" duration-ms="20668">
    <groups>
      <group name="smoke">
        <method signature="LoginTest.verifyBuildTitleName()[pri:-1, instance:test.LoginTest@3a44431a]" name="verifyBuildTitleName" class="test.LoginTest"/>
        <method signature="LoginTest.verifyCurrentUrlofPage()[pri:1, instance:test.LoginTest@3a44431a]" name="verifyCurrentUrlofPage" class="test.LoginTest"/>
        <method signature="LoginTest.verifyLoginwithCorrectCredientials()[pri:2, instance:test.LoginTest@3a44431a]" name="verifyLoginwithCorrectCredientials" class="test.LoginTest"/>
        <method signature="LoginTest.verifyTitleofLoginPage()[pri:0, instance:test.LoginTest@3a44431a]" name="verifyTitleofLoginPage" class="test.LoginTest"/>
      </group> <!-- smoke -->
      <group name="regrression">
        <method signature="LoginTest.verifyBuildTitleName()[pri:-1, instance:test.LoginTest@3a44431a]" name="verifyBuildTitleName" class="test.LoginTest"/>
        <method signature="LoginTest.verifyCurrentUrlofPage()[pri:1, instance:test.LoginTest@3a44431a]" name="verifyCurrentUrlofPage" class="test.LoginTest"/>
        <method signature="LoginTest.verifyLoginwithCorrectCredientials()[pri:2, instance:test.LoginTest@3a44431a]" name="verifyLoginwithCorrectCredientials" class="test.LoginTest"/>
        <method signature="LoginTest.verifyTitleofLoginPage()[pri:0, instance:test.LoginTest@3a44431a]" name="verifyTitleofLoginPage" class="test.LoginTest"/>
      </group> <!-- regrression -->
    </groups>
    <test started-at="2023-02-09T11:52:36 IST" name="Default test" finished-at="2023-02-09T11:52:57 IST" duration-ms="20668">
      <class name="test.LoginTest">
        <test-method is-config="true" signature="initBrowser()[pri:0, instance:test.LoginTest@3a44431a]" started-at="2023-02-09T11:52:36 IST" name="initBrowser" finished-at="2023-02-09T11:52:52 IST" duration-ms="15815" status="PASS">
          <reporter-output>
          </reporter-output>
        </test-method> <!-- initBrowser -->
        <test-method is-config="true" signature="pageobjects()[pri:0, instance:test.LoginTest@3a44431a]" started-at="2023-02-09T11:52:52 IST" name="pageobjects" finished-at="2023-02-09T11:52:52 IST" duration-ms="94" status="PASS">
          <reporter-output>
          </reporter-output>
        </test-method> <!-- pageobjects -->
        <test-method signature="verifyBuildTitleName()[pri:-1, instance:test.LoginTest@3a44431a]" started-at="2023-02-09T11:52:52 IST" name="verifyBuildTitleName" finished-at="2023-02-09T11:52:52 IST" duration-ms="24" status="PASS">
          <reporter-output>
          </reporter-output>
        </test-method> <!-- verifyBuildTitleName -->
        <test-method signature="verifyTitleofLoginPage()[pri:0, instance:test.LoginTest@3a44431a]" started-at="2023-02-09T11:52:52 IST" name="verifyTitleofLoginPage" finished-at="2023-02-09T11:52:53 IST" duration-ms="704" status="PASS">
          <reporter-output>
          </reporter-output>
        </test-method> <!-- verifyTitleofLoginPage -->
        <test-method signature="verifyCurrentUrlofPage()[pri:1, instance:test.LoginTest@3a44431a]" started-at="2023-02-09T11:52:53 IST" name="verifyCurrentUrlofPage" finished-at="2023-02-09T11:52:53 IST" duration-ms="18" status="PASS">
          <reporter-output>
          </reporter-output>
        </test-method> <!-- verifyCurrentUrlofPage -->
        <test-method signature="verifyLoginwithCorrectCredientials()[pri:2, instance:test.LoginTest@3a44431a]" started-at="2023-02-09T11:52:53 IST" name="verifyLoginwithCorrectCredientials" finished-at="2023-02-09T11:52:56 IST" duration-ms="3250" status="PASS">
          <reporter-output>
          </reporter-output>
        </test-method> <!-- verifyLoginwithCorrectCredientials -->
        <test-method is-config="true" signature="tearDowmEnvirnment()[pri:0, instance:test.LoginTest@3a44431a]" started-at="2023-02-09T11:52:56 IST" name="tearDowmEnvirnment" finished-at="2023-02-09T11:52:57 IST" duration-ms="692" status="PASS">
          <reporter-output>
          </reporter-output>
        </test-method> <!-- tearDowmEnvirnment -->
      </class> <!-- test.LoginTest -->
    </test> <!-- Default test -->
  </suite> <!-- Default suite -->
</testng-results>
