<?xml version="1.0" encoding="UTF-8"?>
<!-- Generated by org.testng.reporters.JUnitXMLReporter -->
<testsuite ignored="0" hostname="DESKTOP-H4KFMF6" failures="0" tests="4" name="Default test(failed)(failed)" time="13.913" errors="0" timestamp="2023-02-11T07:41:18 IST">
  <testcase classname="test.LoginTest" name="verifyBuildTitleName" time="0.028"/>
  <testcase classname="test.LoginTest" name="verifyTitleofLoginPage" time="0.606"/>
  <testcase classname="test.LoginTest" name="verifyCurrentUrlofPage" time="0.017"/>
  <testcase classname="test.LoginTest" name="verifyLoginwithCorrectCredientials" time="2.627"/>
</testsuite> <!-- Default test(failed)(failed) -->
